<?xml version="1.0" encoding="UTF-8"?>
<!-- Generated by org.testng.reporters.JUnitReportReporter -->
<testsuite hostname="DESKTOP-TQ1V66G" failures="0" tests="1" name="com.todos.tests.AddTodoTest" time="18.949" errors="0" timestamp="17 Dec 2020 23:02:26 GMT">
  <testcase classname="com.todos.tests.AddTodoTest" name="iCanAddTodo" time="18.949"/>
</testsuite> <!-- com.todos.tests.AddTodoTest -->
